<?xml version="1.0" encoding="UTF-8"?>
<Site BuildName="(empty)"
	BuildStamp="20240821-2355-Experimental"
	Name="DESKTOP-L50IBGE"
	Generator="ctest-3.22.1"
	CompilerName="/usr/bin/c++"
	CompilerVersion="11.4.0"
	OSName="Linux"
	Hostname="DESKTOP-L50IBGE"
	OSRelease="5.15.153.1-microsoft-standard-WSL2"
	OSVersion="#1 SMP Fri Mar 29 23:14:13 UTC 2024"
	OSPlatform="x86_64"
	Is64Bits="1"
	VendorString="GenuineIntel"
	VendorID="Intel Corporation"
	FamilyID="6"
	ModelID="126"
	ProcessorCacheSize="6144"
	NumberOfLogicalCPU="8"
	NumberOfPhysicalCPU="4"
	TotalVirtualMemory="1024"
	TotalPhysicalMemory="3802"
	LogicalProcessorsPerPhysical="2"
	ProcessorClockFrequency="1190.4"
	>
	<Testing>
		<StartDateTime>Aug 21 19:55 EDT</StartDateTime>
		<StartTestTime>1724284511</StartTestTime>
		<TestList/>
		<EndDateTime>Aug 21 19:55 EDT</EndDateTime>
		<EndTestTime>1724284511</EndTestTime>
		<ElapsedMinutes>0</ElapsedMinutes>
	</Testing>
</Site>
